<?xml version="1.0" encoding="utf-8" standalone="no"?>
<!--This file represents the results of running a test suite-->
<test-results name="C:\Users\diego.hernan.bogado\FirstLanguagePractice\CSharpInterpreter\CSharpInterpreter.Test\bin\Debug\CSharpInterpreter.Test.dll" total="2" errors="0" failures="0" not-run="0" inconclusive="0" ignored="0" skipped="0" invalid="0" date="2012-09-21" time="13:33:01">
  <environment nunit-version="2.5.10.11092" clr-version="2.0.50727.5456" os-version="Microsoft Windows NT 6.1.7601 Service Pack 1" platform="Win32NT" cwd="C:\Users\diego.hernan.bogado\Desktop\libraries\NUnit-2.5.10.11092\NUnit-2.5.10.11092\bin\net-2.0" machine-name="MW70S9YTUD8VQP" user="diego.hernan.bogado" user-domain="DIR" />
  <culture-info current-culture="es-AR" current-uiculture="en-US" />
  <test-suite type="Assembly" name="C:\Users\diego.hernan.bogado\FirstLanguagePractice\CSharpInterpreter\CSharpInterpreter.Test\bin\Debug\CSharpInterpreter.Test.dll" executed="True" result="Success" success="True" time="0.007" asserts="0">
    <results>
      <test-suite type="Namespace" name="CSharpInterpreter" executed="True" result="Success" success="True" time="0.007" asserts="0">
        <results>
          <test-suite type="Namespace" name="Test" executed="True" result="Success" success="True" time="0.007" asserts="0">
            <results>
              <test-suite type="TestFixture" name="ExpressionsTests" executed="True" result="Success" success="True" time="0.006" asserts="0">
                <results>
                  <test-case name="CSharpInterpreter.Test.ExpressionsTests.ConstantExpressionShouldReturnValue" executed="True" result="Success" success="True" time="0.000" asserts="3" />
                  <test-case name="CSharpInterpreter.Test.ExpressionsTests.NotDefinedVariableSholdReturnNull" executed="True" result="Success" success="True" time="0.003" asserts="1" />
                </results>
              </test-suite>
            </results>
          </test-suite>
        </results>
      </test-suite>
    </results>
  </test-suite>
</test-results>